VineyardAndroidClient/proguard/seeds.txt
com.formichelli.vineyard.LoginActivity
com.formichelli.vineyard.LoginActivity: LoginActivity()
com.formichelli.vineyard.NavigationDrawerFragment
com.formichelli.vineyard.NavigationDrawerFragment: NavigationDrawerFragment()
com.formichelli.vineyard.PlacePickerActivity
com.formichelli.vineyard.PlacePickerActivity: PlacePickerActivity()
com.formichelli.vineyard.R$anim: int abc_fade_in
com.formichelli.vineyard.R$anim: int abc_fade_out
com.formichelli.vineyard.R$anim: int abc_slide_in_bottom
com.formichelli.vineyard.R$anim: int abc_slide_in_top
com.formichelli.vineyard.R$anim: int abc_slide_out_bottom
com.formichelli.vineyard.R$anim: int abc_slide_out_top
com.formichelli.vineyard.R$array: int issue_add_photo_options
com.formichelli.vineyard.R$array: int task_priorities
com.formichelli.vineyard.R$array: int task_status
com.formichelli.vineyard.R$attr: int actionBarDivider
com.formichelli.vineyard.R$attr: int actionBarItemBackground
com.formichelli.vineyard.R$attr: int actionBarSize
com.formichelli.vineyard.R$attr: int actionBarSplitStyle
com.formichelli.vineyard.R$attr: int actionBarStyle
com.formichelli.vineyard.R$attr: int actionBarTabBarStyle
com.formichelli.vineyard.R$attr: int actionBarTabStyle
com.formichelli.vineyard.R$attr: int actionBarTabTextStyle
com.formichelli.vineyard.R$attr: int actionBarWidgetTheme
com.formichelli.vineyard.R$attr: int actionButtonStyle
com.formichelli.vineyard.R$attr: int actionDropDownStyle
com.formichelli.vineyard.R$attr: int actionLayout
com.formichelli.vineyard.R$attr: int actionMenuTextAppearance
com.formichelli.vineyard.R$attr: int actionMenuTextColor
com.formichelli.vineyard.R$attr: int actionModeBackground
com.formichelli.vineyard.R$attr: int actionModeCloseButtonStyle
com.formichelli.vineyard.R$attr: int actionModeCloseDrawable
com.formichelli.vineyard.R$attr: int actionModeCopyDrawable
com.formichelli.vineyard.R$attr: int actionModeCutDrawable
com.formichelli.vineyard.R$attr: int actionModeFindDrawable
com.formichelli.vineyard.R$attr: int actionModePasteDrawable
com.formichelli.vineyard.R$attr: int actionModePopupWindowStyle
com.formichelli.vineyard.R$attr: int actionModeSelectAllDrawable
com.formichelli.vineyard.R$attr: int actionModeShareDrawable
com.formichelli.vineyard.R$attr: int actionModeSplitBackground
com.formichelli.vineyard.R$bool: int abc_action_bar_embed_tabs_pre_jb
com.formichelli.vineyard.R$bool: int abc_action_bar_expanded_action_views_exclusive
com.formichelli.vineyard.R$bool: int abc_config_actionMenuItemAllCaps
com.formichelli.vineyard.R$bool: int abc_config_allowActionMenuItemTextWithIcon
com.formichelli.vineyard.R$bool: int abc_config_showMenuShortcutsWhenKeyboardPresent
com.formichelli.vineyard.R$bool: int abc_split_action_bar_is_narrow
...
android.support.v4.widget.SlidingPaneLayout: void setParallaxDistance(int)
android.support.v4.widget.SlidingPaneLayout: int getParallaxDistance()
android.support.v4.widget.SlidingPaneLayout: void setSliderFadeColor(int)
android.support.v4.widget.SlidingPaneLayout: int getSliderFadeColor()
android.support.v4.widget.SlidingPaneLayout: void setCoveredFadeColor(int)
android.support.v4.widget.SlidingPaneLayout: int getCoveredFadeColor()
android.support.v4.widget.SlidingPaneLayout: void setPanelSlideListener(android.support.v4.widget.SlidingPaneLayout$PanelSlideListener)
android.support.v4.widget.SlidingPaneLayout: void setShadowDrawable(android.graphics.drawable.Drawable)
android.support.v4.widget.SlidingPaneLayout: void setShadowResource(int)
android.support.v4.widget.SlidingPaneLayout$SavedState
android.support.v4.widget.SlidingPaneLayout$SavedState: android.os.Parcelable$Creator CREATOR
android.support.v4.widget.SwipeRefreshLayout: void setOnRefreshListener(android.support.v4.widget.SwipeRefreshLayout$OnRefreshListener)
android.support.v4.widget.SwipeRefreshLayout: void setTriggerPercentage(float)
android.support.v4.widget.SwipeRefreshLayout: void setRefreshing(boolean)
android.support.v4.widget.SwipeRefreshLayout: void setTargetOffsetTopAndBottom(int)
android.support.v7.app.ActionBarActivity: ActionBarActivity()
android.support.v7.app.ActionBarActivity: void setContentView(android.view.View)
android.support.v7.appcompat.R$anim: int abc_fade_in
android.support.v7.appcompat.R$anim: int abc_fade_out
android.support.v7.appcompat.R$anim: int abc_slide_in_bottom
android.support.v7.appcompat.R$anim: int abc_slide_in_top
android.support.v7.appcompat.R$anim: int abc_slide_out_bottom
android.support.v7.appcompat.R$anim: int abc_slide_out_top
android.support.v7.appcompat.R$attr: int actionBarDivider
android.support.v7.appcompat.R$attr: int actionBarItemBackground
android.support.v7.appcompat.R$attr: int actionBarSize
android.support.v7.appcompat.R$attr: int actionBarSplitStyle
android.support.v7.appcompat.R$attr: int actionBarStyle
android.support.v7.appcompat.R$attr: int actionBarTabBarStyle
android.support.v7.appcompat.R$attr: int actionBarTabStyle
android.support.v7.appcompat.R$attr: int actionBarTabTextStyle
android.support.v7.appcompat.R$attr: int actionBarWidgetTheme
android.support.v7.appcompat.R$attr: int actionButtonStyle
android.support.v7.appcompat.R$attr: int actionDropDownStyle
android.support.v7.appcompat.R$attr: int actionLayout
android.support.v7.appcompat.R$attr: int actionMenuTextAppearance
android.support.v7.appcompat.R$attr: int actionMenuTextColor
android.support.v7.appcompat.R$attr: int actionModeBackground
android.support.v7.appcompat.R$attr: int actionModeCloseButtonStyle
android.support.v7.appcompat.R$attr: int actionModeCloseDrawable
android.support.v7.appcompat.R$attr: int actionModeCopyDrawable
android.support.v7.appcompat.R$attr: int actionModeCutDrawable
android.support.v7.appcompat.R$attr: int actionModeFindDrawable
android.support.v7.appcompat.R$attr: int actionModePasteDrawable
android.support.v7.appcompat.R$attr: int actionModePopupWindowStyle
android.support.v7.appcompat.R$attr: int actionModeSelectAllDrawable
android.support.v7.appcompat.R$attr: int actionModeShareDrawable
android.support.v7.appcompat.R$bool: int abc_action_bar_embed_tabs_pre_jb
android.support.v7.appcompat.R$bool: int abc_action_bar_expanded_action_views_exclusive
android.support.v7.appcompat.R$bool: int abc_config_actionMenuItemAllCaps
android.support.v7.appcompat.R$bool: int abc_config_allowActionMenuItemTextWithIcon
android.support.v7.appcompat.R$bool: int abc_config_showMenuShortcutsWhenKeyboardPresent
android.support.v7.appcompat.R$bool: int abc_split_action_bar_is_narrow