VineyardAndroidClient/proguard/mapping.txt
com.formichelli.vineyard.IssuesFragment -> com.formichelli.vineyard.a:
    com.formichelli.vineyard.VineyardMainActivity activity -> a
    com.formichelli.vineyard.utilities.VineyardServer vineyardServer -> b
    android.widget.ExpandableListView issuesList -> c
    com.formichelli.vineyard.utilities.TaskExpandableAdapter issueAdapter -> d
    android.widget.TextView noIssuesMessage -> e
    boolean first -> f
    boolean showMine -> g
    android.view.MenuItem showMode -> h
    java.lang.String showAllLabel -> i
    java.lang.String showMineLabel -> Y
    com.formichelli.vineyard.entities.IssueTask selectedIssue -> Z
    com.formichelli.vineyard.entities.Place selectedPlace -> aa
    android.view.View$OnClickListener reportIssueOnClickListener -> ab
    android.view.View$OnClickListener editOnClickListener -> ac
    android.view.View$OnClickListener doneOnClickListener -> ad
    android.view.View onCreateView(android.view.LayoutInflater,android.view.ViewGroup,android.os.Bundle) -> a
    void onActivityCreated(android.os.Bundle) -> d
    void onCreateOptionsMenu(android.view.Menu,android.view.MenuInflater) -> a
    boolean onOptionsItemSelected(android.view.MenuItem) -> a
    void loadData() -> a
    java.util.List getAllIssues(com.formichelli.vineyard.entities.Place) -> b
    void setSelectedPlace(com.formichelli.vineyard.entities.Place) -> a
    void setSelectedIssue(com.formichelli.vineyard.entities.IssueTask) -> a
com.formichelli.vineyard.IssuesFragment$1 -> com.formichelli.vineyard.b:
    com.formichelli.vineyard.IssuesFragment this$0 -> a
    void onClick(android.view.View) -> onClick
com.formichelli.vineyard.IssuesFragment$2 -> com.formichelli.vineyard.c:
    com.formichelli.vineyard.IssuesFragment this$0 -> a
    void onClick(android.view.View) -> onClick
com.formichelli.vineyard.IssuesFragment$3 -> com.formichelli.vineyard.d:
    com.formichelli.vineyard.IssuesFragment this$0 -> a
    void onClick(android.view.View) -> onClick
com.formichelli.vineyard.IssuesFragment$AsyncMarkIssueAsDone -> com.formichelli.vineyard.e:
    com.formichelli.vineyard.entities.IssueTask issue -> a
    com.formichelli.vineyard.IssuesFragment this$0 -> b
    void onPreExecute() -> onPreExecute
    void onPostExecute(android.util.Pair) -> a
    void onPostExecute(java.lang.Object) -> onPostExecute
com.formichelli.vineyard.LoadingFragment -> com.formichelli.vineyard.f:
    com.formichelli.vineyard.VineyardMainActivity activity -> a
    android.view.ViewGroup progressView -> b
    android.view.ViewGroup errorView -> c
    android.widget.ImageButton retry -> d
    java.lang.String errorMessage -> e
    java.lang.String loadingMessage -> f
    android.widget.TextView errorMessageTextView -> g
    android.widget.TextView loadingMessageTextView -> h
    android.view.View$OnClickListener retryOnClickListener -> i
    android.view.View onCreateView(android.view.LayoutInflater,android.view.ViewGroup,android.os.Bundle) -> a
    void onActivityCreated(android.os.Bundle) -> d
    void setLoadingMessage(java.lang.String) -> a
    void setLoading(boolean) -> a
    void onDetach() -> b
com.formichelli.vineyard.LoadingFragment$1 -> com.formichelli.vineyard.g:
    com.formichelli.vineyard.LoadingFragment this$0 -> a
    void onClick(android.view.View) -> onClick
...
com.tyczj.extendedcalendarview.R$drawable -> com.tyczj.extendedcalendarview.j:
    int blue -> blue
    int date_number_background -> date_number_background
    int day_bg -> day_bg
    int day_selected -> day_selected
    int green -> green
    int ic_launcher -> ic_launcher
    int navigation_next_item -> navigation_next_item
    int navigation_previous_item -> navigation_previous_item
    int normal_day -> normal_day
    int orange -> orange
    int purple -> purple
    int quickcontact_badge_overlay_normal_light -> quickcontact_badge_overlay_normal_light
    int red -> red
    int today -> today
com.tyczj.extendedcalendarview.R$id -> com.tyczj.extendedcalendarview.k:
    int imageView1 -> imageView1
    int imageView2 -> imageView2
    int imageView3 -> imageView3
    int imageView4 -> imageView4
    int imageView5 -> imageView5
    int imageView6 -> imageView6
    int rl -> rl
    int textView1 -> textView1
    int today_frame -> today_frame
com.tyczj.extendedcalendarview.R$layout -> com.tyczj.extendedcalendarview.l:
    int day_of_week -> day_of_week
    int day_view -> day_view
    int main -> main
com.tyczj.extendedcalendarview.R$string -> com.tyczj.extendedcalendarview.m:
    int app_name -> app_name
    int friday -> friday
    int hello -> hello
    int monday -> monday
    int saturday -> saturday
    int sunday -> sunday
    int thursday -> thursday
    int tuesday -> tuesday
    int wednesday -> wednesday
org.apache.http.Consts -> a.a.a.a:
    java.nio.charset.Charset UTF_8 -> a
    java.nio.charset.Charset ASCII -> b
    java.nio.charset.Charset ISO_8859_1 -> c
org.apache.http.FormattedHeader -> a.a.a.b:
    org.apache.http.util.CharArrayBuffer getBuffer() -> a
org.apache.http.Header -> a.a.a.c:
    java.lang.String getName() -> b
    java.lang.String getValue() -> c
org.apache.http.HttpEntity -> a.a.a.d:
    java.io.InputStream getContent() -> a
    void writeTo(java.io.OutputStream) -> a
org.apache.http.HttpEntityEnclosingRequest -> a.a.a.e:
org.apache.http.HttpMessage -> a.a.a.f:
    org.apache.http.Header getFirstHeader(java.lang.String) -> a
org.apache.http.HttpRequest -> a.a.a.g:
org.apache.http.HttpResponse -> a.a.a.h:
    org.apache.http.StatusLine getStatusLine() -> a
    org.apache.http.HttpEntity getEntity() -> b
org.apache.http.NameValuePair -> a.a.a.i:
    java.lang.String getName() -> a
    java.lang.String getValue() -> b
org.apache.http.StatusLine -> a.a.a.j:
    int getStatusCode() -> a
org.apache.http.entity.AbstractHttpEntity -> a.a.a.a.a:
org.apache.http.entity.ContentType -> a.a.a.a.b:
    org.apache.http.entity.ContentType APPLICATION_ATOM_XML -> a
    org.apache.http.entity.ContentType APPLICATION_FORM_URLENCODED -> b
    org.apache.http.entity.ContentType APPLICATION_JSON -> c
    org.apache.http.entity.ContentType APPLICATION_OCTET_STREAM -> d
    org.apache.http.entity.ContentType APPLICATION_SVG_XML -> e
    org.apache.http.entity.ContentType APPLICATION_XHTML_XML -> f
    org.apache.http.entity.ContentType APPLICATION_XML -> g
    org.apache.http.entity.ContentType MULTIPART_FORM_DATA -> h
    org.apache.http.entity.ContentType TEXT_HTML -> i
    org.apache.http.entity.ContentType TEXT_PLAIN -> j
    org.apache.http.entity.ContentType TEXT_XML -> k
    org.apache.http.entity.ContentType WILDCARD -> l
    org.apache.http.entity.ContentType DEFAULT_TEXT -> m
    org.apache.http.entity.ContentType DEFAULT_BINARY -> n
    java.lang.String mimeType -> o
    java.nio.charset.Charset charset -> p
    org.apache.http.NameValuePair[] params -> q
    java.lang.String getMimeType() -> a
    java.nio.charset.Charset getCharset() -> b
    java.lang.String toString() -> toString
    boolean valid(java.lang.String) -> a
    org.apache.http.entity.ContentType create(java.lang.String,java.nio.charset.Charset) -> a