VineyardAndroidClient/proguard/usage.txt
com.formichelli.vineyard.BuildConfig
com.formichelli.vineyard.IssuesFragment:
    com.formichelli.vineyard.utilities.AsyncHttpRequest asyncTask
    206:206:public com.formichelli.vineyard.entities.Place getSelectedPlace()
    214:214:public com.formichelli.vineyard.entities.IssueTask getSelectedIssue()
com.formichelli.vineyard.IssuesFragment$AsyncMarkIssueAsDone:
    private static final java.lang.String TAG
com.formichelli.vineyard.LoadingFragment:
    android.view.ViewGroup mainLayout
    55:59:public void setErrorMessage(java.lang.String)
com.formichelli.vineyard.LoginActivity:
    public static final java.lang.String USERID
com.formichelli.vineyard.Manifest
com.formichelli.vineyard.Manifest$permission
com.formichelli.vineyard.PlacePickerActivity:
    public static final java.lang.String HIERARCHY
    public static final java.lang.String ANCESTORS
com.formichelli.vineyard.PlaceViewerFragment:
    android.widget.ImageView photo
com.formichelli.vineyard.R:
    10:10:public R()
com.formichelli.vineyard.R$anim
com.formichelli.vineyard.R$array
com.formichelli.vineyard.R$attr
com.formichelli.vineyard.R$bool
com.formichelli.vineyard.R$color
com.formichelli.vineyard.R$dimen
com.formichelli.vineyard.R$drawable
com.formichelli.vineyard.R$id
com.formichelli.vineyard.R$integer
com.formichelli.vineyard.R$layout
com.formichelli.vineyard.R$menu
com.formichelli.vineyard.R$string
com.formichelli.vineyard.R$style
com.formichelli.vineyard.R$styleable:
    2330:2330:public R$styleable()
com.formichelli.vineyard.R$xml
com.formichelli.vineyard.ReportIssueFragment:
    public static final int REQUEST_PLACE
    java.lang.String currentPhotoPath
    273:285:private java.io.File createImageFile()
com.formichelli.vineyard.SettingsActivity:
    private static final java.lang.String TAG
com.formichelli.vineyard.TasksFragment:
    301:301:public com.formichelli.vineyard.entities.Place getSelectedPlace()
    309:309:public com.formichelli.vineyard.entities.SimpleTask getSelectedTask()
com.formichelli.vineyard.TasksFragment$AsyncMarkTaskAsDone:
    private static final java.lang.String TAG
com.formichelli.vineyard.VineyardMainActivity:
    public static final java.lang.String TAG
    public static final java.lang.String PLACE_ID
    public static final java.lang.String ISSUE_ID
    public static final java.lang.String TASK_ID
    android.view.Menu menu
    java.lang.String placesStatsJSON
    324:324:public com.formichelli.vineyard.PlaceViewerFragment getPlaceViewerFragment()
    352:352:public android.util.SparseArray getIssues()
    356:360:public void setIssues(android.util.SparseArray)
    368:369:public void removeIssue(com.formichelli.vineyard.entities.IssueTask)
    372:372:public android.util.SparseArray getPlaces()
    376:380:public void setPlace(android.util.SparseArray)
    383:385:public void addPlace(com.formichelli.vineyard.entities.Place)
    388:389:public void removePlace(com.formichelli.vineyard.entities.Place)
    396:400:public void setTasks(android.util.SparseArray)
    408:409:public void removeTask(com.formichelli.vineyard.entities.SimpleTask)
    412:412:public android.util.SparseArray getWorkers()
    416:420:public void setWorkers(android.util.SparseArray)
    428:429:public void removeWorker(com.formichelli.vineyard.entities.Worker)
    432:432:public android.util.SparseArray getWorkGroups()
    436:440:public void setWorkGroups(android.util.SparseArray)
    448:449:public void removeWorkGroup(com.formichelli.vineyard.entities.Worker)
com.formichelli.vineyard.VineyardMainActivity$IssuesAsyncHttpRequest:
    protected static final java.lang.String TAG
com.formichelli.vineyard.VineyardMainActivity$RootPlaceAsyncHttpRequest:
    protected static final java.lang.String TAG
com.formichelli.vineyard.VineyardMainActivity$TasksAsyncHttpRequest:
    protected static final java.lang.String TAG
com.formichelli.vineyard.VineyardMainActivity$WorkGroupsAsyncHttpRequest:
    protected static final java.lang.String TAG
...
com.google.android.gms.internal.bs$a$a
com.google.android.gms.internal.bt
com.google.android.gms.internal.bu
com.google.android.gms.internal.bv
com.google.android.gms.internal.bw
com.google.android.gms.internal.bx
com.google.android.gms.internal.bx$1
com.google.android.gms.internal.bx$10
com.google.android.gms.internal.bx$11
com.google.android.gms.internal.bx$2
com.google.android.gms.internal.bx$3
com.google.android.gms.internal.bx$4
com.google.android.gms.internal.bx$5
com.google.android.gms.internal.bx$6
com.google.android.gms.internal.bx$7
com.google.android.gms.internal.bx$8
com.google.android.gms.internal.bx$9
com.google.android.gms.internal.by
com.google.android.gms.internal.by$1
com.google.android.gms.internal.bz
com.google.android.gms.internal.c
com.google.android.gms.internal.c$a
com.google.android.gms.internal.c$b
com.google.android.gms.internal.c$c
com.google.android.gms.internal.c$d
com.google.android.gms.internal.c$e
com.google.android.gms.internal.c$f
com.google.android.gms.internal.c$g
com.google.android.gms.internal.c$h
com.google.android.gms.internal.c$i
com.google.android.gms.internal.c$j
com.google.android.gms.internal.cb:
    public cb(java.lang.String,java.lang.String,java.lang.String,java.lang.String,java.lang.String,java.lang.String,java.lang.String)
com.google.android.gms.internal.cc
com.google.android.gms.internal.cc$1
com.google.android.gms.internal.cc$a
com.google.android.gms.internal.cc$b
com.google.android.gms.internal.cc$c
com.google.android.gms.internal.ce:
    public static void a(android.content.Intent,com.google.android.gms.internal.ce)
    public static com.google.android.gms.internal.ce a(android.content.Intent)
    public ce(com.google.android.gms.internal.u,com.google.android.gms.internal.cf,com.google.android.gms.internal.ci,com.google.android.gms.internal.dz,int,com.google.android.gms.internal.dx,java.lang.String)
    public ce(com.google.android.gms.internal.u,com.google.android.gms.internal.cf,com.google.android.gms.internal.ci,com.google.android.gms.internal.dz,boolean,int,com.google.android.gms.internal.dx)
    public ce(com.google.android.gms.internal.u,com.google.android.gms.internal.cf,com.google.android.gms.internal.az,com.google.android.gms.internal.ci,com.google.android.gms.internal.dz,boolean,int,java.lang.String,com.google.android.gms.internal.dx,com.google.android.gms.internal.bc)
    public ce(com.google.android.gms.internal.u,com.google.android.gms.internal.cf,com.google.android.gms.internal.az,com.google.android.gms.internal.ci,com.google.android.gms.internal.dz,boolean,int,java.lang.String,java.lang.String,com.google.android.gms.internal.dx,com.google.android.gms.internal.bc)
    public ce(com.google.android.gms.internal.cb,com.google.android.gms.internal.u,com.google.android.gms.internal.cf,com.google.android.gms.internal.ci,com.google.android.gms.internal.dx)
com.google.android.gms.internal.cf:
    public abstract void V()
    public abstract void W()
com.google.android.gms.internal.cg
com.google.android.gms.internal.cg$a
com.google.android.gms.internal.cg$a$1
com.google.android.gms.internal.ch
com.google.android.gms.internal.ci:
    public abstract void U()
com.google.android.gms.internal.cj
com.google.android.gms.internal.cj$a
com.google.android.gms.internal.ck
com.google.android.gms.internal.ck$a
com.google.android.gms.internal.ck$a$a
com.google.android.gms.internal.cl
com.google.android.gms.internal.cl$a
com.google.android.gms.internal.cl$a$a
com.google.android.gms.internal.cm
com.google.android.gms.internal.cn
com.google.android.gms.internal.cn$a
com.google.android.gms.internal.cn$a$a
com.google.android.gms.internal.co
com.google.android.gms.internal.co$a
com.google.android.gms.internal.co$a$a
com.google.android.gms.internal.cp
com.google.android.gms.internal.cq
com.google.android.gms.internal.cr
com.google.android.gms.internal.cr$a
com.google.android.gms.internal.cs
com.google.android.gms.internal.cs$1
com.google.android.gms.internal.cs$2